2025-05-21 11:28:04.015 [info] ComputeTargetPlatform: linux-x64
2025-05-21 11:28:42.105 [info] ComputeTargetPlatform: linux-x64
2025-05-21 11:28:48.508 [info] Getting Manifest... ms-python.python
2025-05-21 11:28:50.001 [info] Installing extension: ms-python.python {"isMachineScoped":false,"installPreReleaseVersion":false,"pinned":false,"profileLocation":{"$mid":1,"external":"vscode-userdata:/home/gui/.vscode-oss/extensions/extensions.json","path":"/home/gui/.vscode-oss/extensions/extensions.json","scheme":"vscode-userdata"},"isApplicationScoped":false,"productVersion":{"version":"1.100.2","date":"2025-05-15T18:08:15.674Z"}}
2025-05-21 11:28:50.378 [info] Getting Manifest... ms-python.debugpy
2025-05-21 11:28:50.738 [info] Installing extension: ms-python.debugpy {"isMachineScoped":false,"installPreReleaseVersion":false,"pinned":false,"profileLocation":{"$mid":1,"external":"vscode-userdata:/home/gui/.vscode-oss/extensions/extensions.json","path":"/home/gui/.vscode-oss/extensions/extensions.json","scheme":"vscode-userdata"},"isApplicationScoped":false,"productVersion":{"version":"1.100.2","date":"2025-05-15T18:08:15.674Z"},"installGivenVersion":false,"context":{"dependecyOrPackExtensionInstall":true}}
2025-05-21 11:29:07.944 [info] Extension signature verification result for ms-python.debugpy: UnknownError. Internal Code: 159. Executed: true. Duration: 18ms.
2025-05-21 11:29:07.951 [error] Error while installing the extension ms-python.debugpy Signature verification failed with 'UnknownError' error. vscode-userdata:/home/gui/.vscode-oss/extensions/extensions.json
2025-05-21 11:29:07.957 [error] [uncaught exception in sharedProcess]: Signature verification failed with 'UnknownError' error.: SignatureVerificationInternal: Signature verification failed with 'UnknownError' error.
    at yh.xb (file:///usr/lib/code/out/vs/code/electron-utility/sharedProcess/sharedProcessMain.js:74:64415)
    at async yh.wb (file:///usr/lib/code/out/vs/code/electron-utility/sharedProcess/sharedProcessMain.js:74:62886)
2025-05-21 11:29:28.953 [info] Extension signature verification result for ms-python.python: UnknownError. Internal Code: 159. Executed: true. Duration: 12ms.
2025-05-21 11:29:28.958 [error] Error while installing the extension ms-python.python Signature verification failed with 'UnknownError' error. vscode-userdata:/home/gui/.vscode-oss/extensions/extensions.json
2025-05-21 11:29:28.959 [error] [uncaught exception in sharedProcess]: Signature verification failed with 'UnknownError' error.: SignatureVerificationInternal: Signature verification failed with 'UnknownError' error.
    at yh.xb (file:///usr/lib/code/out/vs/code/electron-utility/sharedProcess/sharedProcessMain.js:74:64415)
    at async yh.wb (file:///usr/lib/code/out/vs/code/electron-utility/sharedProcess/sharedProcessMain.js:74:62886)
2025-05-21 11:29:35.243 [info] Getting Manifest... ms-python.python
2025-05-21 11:29:35.910 [info] Installing extension: ms-python.python {"isMachineScoped":false,"installPreReleaseVersion":false,"pinned":false,"donotVerifySignature":true,"profileLocation":{"$mid":1,"external":"vscode-userdata:/home/gui/.vscode-oss/extensions/extensions.json","path":"/home/gui/.vscode-oss/extensions/extensions.json","scheme":"vscode-userdata"},"isApplicationScoped":false,"productVersion":{"version":"1.100.2","date":"2025-05-15T18:08:15.674Z"}}
2025-05-21 11:29:36.073 [info] Getting Manifest... ms-python.debugpy
2025-05-21 11:29:36.436 [info] Installing extension: ms-python.debugpy {"isMachineScoped":false,"installPreReleaseVersion":false,"pinned":false,"donotVerifySignature":true,"profileLocation":{"$mid":1,"external":"vscode-userdata:/home/gui/.vscode-oss/extensions/extensions.json","path":"/home/gui/.vscode-oss/extensions/extensions.json","scheme":"vscode-userdata"},"isApplicationScoped":false,"productVersion":{"version":"1.100.2","date":"2025-05-15T18:08:15.674Z"},"installGivenVersion":false,"context":{"dependecyOrPackExtensionInstall":true}}
2025-05-21 11:30:25.298 [info] Extracted extension to file:///home/gui/.vscode-oss/extensions/ms-python.debugpy-2025.6.0-linux-x64: ms-python.debugpy
2025-05-21 11:30:25.372 [info] Renamed to /home/gui/.vscode-oss/extensions/ms-python.debugpy-2025.6.0-linux-x64
2025-05-21 11:30:26.480 [info] Extracted extension to file:///home/gui/.vscode-oss/extensions/ms-python.python-2025.4.0-universal: ms-python.python
2025-05-21 11:30:26.621 [info] Renamed to /home/gui/.vscode-oss/extensions/ms-python.python-2025.4.0-universal
2025-05-21 11:30:26.678 [info] Extension installed successfully: ms-python.debugpy vscode-userdata:/home/gui/.vscode-oss/extensions/extensions.json
2025-05-21 11:30:26.679 [info] Extension installed successfully: ms-python.python vscode-userdata:/home/gui/.vscode-oss/extensions/extensions.json
