2025-05-21 11:28:06.700 [info] Extension host with pid 19003 started
2025-05-21 11:28:06.944 [info] ExtensionService#_doActivateExtension vscode.emmet, startup: false, activationEvent: 'onLanguage'
2025-05-21 11:28:06.991 [info] ExtensionService#_doActivateExtension vscode.css-language-features, startup: false, activationEvent: 'onLanguage:css'
2025-05-21 11:28:10.870 [info] ExtensionService#_doActivateExtension vscode.git-base, startup: true, activationEvent: '*', root cause: vscode.git
2025-05-21 11:28:10.901 [info] ExtensionService#_doActivateExtension vscode.git, startup: true, activationEvent: '*'
2025-05-21 11:28:10.999 [info] ExtensionService#_doActivateExtension vscode.github, startup: true, activationEvent: '*'
2025-05-21 11:28:11.105 [info] Eager extensions activated
2025-05-21 11:28:11.138 [info] ExtensionService#_doActivateExtension vscode.debug-auto-launch, startup: false, activationEvent: 'onStartupFinished'
2025-05-21 11:28:11.144 [info] ExtensionService#_doActivateExtension vscode.merge-conflict, startup: false, activationEvent: 'onStartupFinished'
2025-05-21 11:28:19.165 [info] Extension host terminating: renderer closed the MessagePort
2025-05-21 11:28:19.181 [info] Extension host with pid 19003 exiting with code 0
2025-05-21 11:28:21.983 [info] Extension host with pid 19115 started
2025-05-21 11:28:21.983 [info] Skipping acquiring lock for /home/gui/.config/Code - OSS/User/workspaceStorage/556ce69254c7848c3f222a32ad56c197.
2025-05-21 11:28:22.085 [info] ExtensionService#_doActivateExtension vscode.emmet, startup: false, activationEvent: 'onLanguage'
2025-05-21 11:28:22.138 [info] ExtensionService#_doActivateExtension vscode.git-base, startup: true, activationEvent: '*'
2025-05-21 11:28:22.144 [info] ExtensionService#_doActivateExtension vscode.github, startup: true, activationEvent: '*'
2025-05-21 11:28:22.186 [info] Eager extensions activated
2025-05-21 11:28:22.188 [info] ExtensionService#_doActivateExtension vscode.debug-auto-launch, startup: false, activationEvent: 'onStartupFinished'
2025-05-21 11:28:22.191 [info] ExtensionService#_doActivateExtension vscode.merge-conflict, startup: false, activationEvent: 'onStartupFinished'
2025-05-21 11:28:23.609 [info] ExtensionService#_doActivateExtension vscode.git, startup: false, activationEvent: 'api', root cause: vscode.github
2025-05-21 11:30:26.123 [info] ExtensionService#_doActivateExtension vscode.debug-server-ready, startup: false, activationEvent: 'onDebugResolve'
2025-05-21 11:30:26.986 [info] ExtensionService#_doActivateExtension ms-python.python, startup: false, activationEvent: 'onWalkthrough:pythonWelcome'
2025-05-21 11:30:27.443 [info] ExtensionService#_doActivateExtension ms-python.debugpy, startup: false, activationEvent: 'onLanguage:python'
2025-05-21 11:30:27.546 [error] Activating extension ms-python.debugpy failed due to an error:
2025-05-21 11:30:27.546 [error] Error: Extension 'ms-python.debugpy' CANNOT use API proposal: portsAttributes.
Its package.json#enabledApiProposals-property declares:  but NOT portsAttributes.
 The missing proposal MUST be added and you must start in extension development mode or use the following command line switch: --enable-proposed-api ms-python.debugpy
	at N (file:///usr/lib/code/out/vs/workbench/api/node/extensionHostProcess.js:113:30038)
	at Object.registerPortAttributesProvider (file:///usr/lib/code/out/vs/workbench/api/node/extensionHostProcess.js:170:49425)
	at t.registerDebugger (/home/gui/.vscode-oss/extensions/ms-python.debugpy-2025.6.0-linux-x64/dist/extension.js:2:846640)
	at e.activate (/home/gui/.vscode-oss/extensions/ms-python.debugpy-2025.6.0-linux-x64/dist/extension.js:2:1098056)
	at ly.kb (file:///usr/lib/code/out/vs/workbench/api/node/extensionHostProcess.js:123:15268)
	at ly.jb (file:///usr/lib/code/out/vs/workbench/api/node/extensionHostProcess.js:123:14975)
	at file:///usr/lib/code/out/vs/workbench/api/node/extensionHostProcess.js:123:13133
	at async Nb.n (file:///usr/lib/code/out/vs/workbench/api/node/extensionHostProcess.js:119:13382)
	at async Nb.m (file:///usr/lib/code/out/vs/workbench/api/node/extensionHostProcess.js:119:13345)
	at async Nb.l (file:///usr/lib/code/out/vs/workbench/api/node/extensionHostProcess.js:119:12801)
2025-05-21 11:30:28.863 [error] Error: Extension 'ms-python.python' CANNOT use API proposal: testObserver.
Its package.json#enabledApiProposals-property declares:  but NOT testObserver.
 The missing proposal MUST be added and you must start in extension development mode or use the following command line switch: --enable-proposed-api ms-python.python
	at N (file:///usr/lib/code/out/vs/workbench/api/node/extensionHostProcess.js:113:30038)
	at get testResults (file:///usr/lib/code/out/vs/workbench/api/node/extensionHostProcess.js:170:33198)
	at C.activate (/home/gui/.vscode-oss/extensions/ms-python.python-2025.4.0-universal/out/client/extension.js:2:908659)
	at /home/gui/.vscode-oss/extensions/ms-python.python-2025.4.0-universal/out/client/extension.js:2:2457
	at Array.map (<anonymous>)
	at v.activateWorkspace (/home/gui/.vscode-oss/extensions/ms-python.python-2025.4.0-universal/out/client/extension.js:2:2447)
2025-05-21 11:33:16.886 [error] [ms-python.python] provider FAILED
2025-05-21 11:33:16.886 [error] Error: UnboundLocalError: cannot access local variable 'start_index' where it is not associated with a value
	at ae (/home/gui/.vscode-oss/extensions/ms-python.python-2025.4.0-universal/out/client/extension.js:2:1965471)
	at oe (/home/gui/.vscode-oss/extensions/ms-python.python-2025.4.0-universal/out/client/extension.js:2:1963431)
	at Immediate.<anonymous> (/home/gui/.vscode-oss/extensions/ms-python.python-2025.4.0-universal/out/client/extension.js:2:1959725)
	at process.processImmediate (node:internal/timers:483:21)
