2025-05-21 11:28:11.185 [info] [main] Log level: Info
2025-05-21 11:28:11.185 [info] [main] Validating found git in: "git"
2025-05-21 11:28:11.185 [info] [main] Using git "2.49.0" from "git"
2025-05-21 11:28:11.185 [info] [Model][doInitialScan] Initial repository scan started
2025-05-21 11:28:11.185 [info] [Model][doInitialScan] Initial repository scan completed - repositories (0), closed repositories (0), parent repositories (0), unsafe repositories (0)
2025-05-21 11:28:23.827 [info] [main] Log level: Info
2025-05-21 11:28:23.827 [info] [main] Validating found git in: "git"
2025-05-21 11:28:23.827 [info] [main] Using git "2.49.0" from "git"
2025-05-21 11:28:23.827 [info] [Model][doInitialScan] Initial repository scan started
2025-05-21 11:28:23.827 [info] > git rev-parse --show-toplevel [31ms]
2025-05-21 11:28:23.827 [info] fatal: not a git repository (or any parent up to mount point /)
Stopping at filesystem boundary (GIT_DISCOVERY_ACROSS_FILESYSTEM not set).
2025-05-21 11:28:23.837 [info] > git rev-parse --show-toplevel [11ms]
2025-05-21 11:28:23.837 [info] fatal: not a git repository (or any parent up to mount point /)
Stopping at filesystem boundary (GIT_DISCOVERY_ACROSS_FILESYSTEM not set).
2025-05-21 11:28:23.844 [info] > git rev-parse --show-toplevel [2ms]
2025-05-21 11:28:23.845 [info] fatal: not a git repository (or any parent up to mount point /)
Stopping at filesystem boundary (GIT_DISCOVERY_ACROSS_FILESYSTEM not set).
2025-05-21 11:28:23.851 [info] > git rev-parse --show-toplevel [1ms]
2025-05-21 11:28:23.851 [info] fatal: not a git repository (or any parent up to mount point /)
Stopping at filesystem boundary (GIT_DISCOVERY_ACROSS_FILESYSTEM not set).
2025-05-21 11:28:23.857 [info] > git rev-parse --show-toplevel [1ms]
2025-05-21 11:28:23.857 [info] fatal: not a git repository (or any parent up to mount point /)
Stopping at filesystem boundary (GIT_DISCOVERY_ACROSS_FILESYSTEM not set).
2025-05-21 11:28:23.858 [info] [Model][doInitialScan] Initial repository scan completed - repositories (0), closed repositories (0), parent repositories (0), unsafe repositories (0)
2025-05-21 11:30:14.113 [info] > git rev-parse --show-toplevel [3ms]
2025-05-21 11:30:14.113 [info] fatal: not a git repository (or any parent up to mount point /)
Stopping at filesystem boundary (GIT_DISCOVERY_ACROSS_FILESYSTEM not set).
2025-05-21 11:30:26.753 [info] > git rev-parse --show-toplevel [2ms]
2025-05-21 11:30:26.754 [info] fatal: not a git repository (or any parent up to mount point /)
Stopping at filesystem boundary (GIT_DISCOVERY_ACROSS_FILESYSTEM not set).
2025-05-21 11:30:35.930 [info] > git rev-parse --show-toplevel [7ms]
2025-05-21 11:30:35.930 [info] fatal: not a git repository (or any parent up to mount point /)
Stopping at filesystem boundary (GIT_DISCOVERY_ACROSS_FILESYSTEM not set).
2025-05-21 12:56:43.304 [info] > git rev-parse --show-toplevel [3ms]
2025-05-21 12:56:43.304 [info] fatal: not a git repository (or any parent up to mount point /)
Stopping at filesystem boundary (GIT_DISCOVERY_ACROSS_FILESYSTEM not set).
2025-05-21 13:23:51.997 [info] > git rev-parse --show-toplevel [2ms]
2025-05-21 13:23:51.997 [info] fatal: not a git repository (or any parent up to mount point /)
Stopping at filesystem boundary (GIT_DISCOVERY_ACROSS_FILESYSTEM not set).
