2025-05-11 01:15:12.179 [info] [main] Log level: Info
2025-05-11 01:15:12.179 [info] [main] Validating found git in: "git"
2025-05-11 01:15:12.274 [info] [main] Using git "2.49.0" from "git"
2025-05-11 01:15:12.274 [info] [Model][doInitialScan] Initial repository scan started
2025-05-11 01:15:12.276 [info] [Model][doInitialScan] Initial repository scan completed - repositories (0), closed repositories (0), parent repositories (0), unsafe repositories (0)
2025-05-11 01:15:43.242 [info] > git rev-parse --show-toplevel [14ms]
2025-05-11 01:15:43.242 [info] fatal: not a git repository (or any parent up to mount point /)
Stopping at filesystem boundary (GIT_DISCOVERY_ACROSS_FILESYSTEM not set).
2025-05-11 01:15:45.469 [info] > git rev-parse --show-toplevel [4ms]
2025-05-11 01:15:45.469 [info] fatal: not a git repository (or any parent up to mount point /)
Stopping at filesystem boundary (GIT_DISCOVERY_ACROSS_FILESYSTEM not set).
2025-05-11 01:15:47.766 [info] > git rev-parse --show-toplevel [3ms]
2025-05-11 01:15:47.766 [info] fatal: not a git repository (or any parent up to mount point /)
Stopping at filesystem boundary (GIT_DISCOVERY_ACROSS_FILESYSTEM not set).
2025-05-11 01:15:52.628 [info] > git rev-parse --show-toplevel [2ms]
2025-05-11 01:15:52.628 [info] fatal: not a git repository (or any parent up to mount point /)
Stopping at filesystem boundary (GIT_DISCOVERY_ACROSS_FILESYSTEM not set).
2025-05-11 01:15:54.417 [info] > git rev-parse --show-toplevel [4ms]
2025-05-11 01:15:54.417 [info] fatal: not a git repository (or any parent up to mount point /)
Stopping at filesystem boundary (GIT_DISCOVERY_ACROSS_FILESYSTEM not set).
2025-05-11 01:16:22.128 [info] > git rev-parse --show-toplevel [4ms]
2025-05-11 01:16:22.128 [info] fatal: not a git repository (or any parent up to mount point /)
Stopping at filesystem boundary (GIT_DISCOVERY_ACROSS_FILESYSTEM not set).
