5/11/2025, 2:31:27 PM GMT-3 0: 

----------------------------------------------
5/11/2025, 2:31:28 PM GMT-3 1: Discord starting: {"releaseChannel":"stable","version":"0.0.94"}, modulepath: /home/gui/.config/discord/0.0.94/modules
5/11/2025, 2:31:28 PM GMT-3 2: ✅ webContents.created web1 "index.html"
5/11/2025, 2:31:28 PM GMT-3 3: ✅ window.created win1 "discord"
5/11/2025, 2:31:28 PM GMT-3 4: ✅ webContents.did-finish-load web1
5/11/2025, 2:31:40 PM GMT-3 5: ✅ webContents.created web2 ""
5/11/2025, 2:31:40 PM GMT-3 6: ✅ window.created win2 "Discord"
5/11/2025, 2:31:44 PM GMT-3 7: ✅ webContents.did-finish-load web2
5/11/2025, 2:31:44 PM GMT-3 8: window.close win1
5/11/2025, 2:31:44 PM GMT-3 9: webContents.destroyed web1
5/11/2025, 2:31:44 PM GMT-3 10: window.closed win1
5/11/2025, 2:58:24 PM GMT-3 11: window.close win2
5/11/2025, 2:58:27 PM GMT-3 12: window.close win2
5/11/2025, 2:58:31 PM GMT-3 13: window.close win2
5/11/2025, 3:29:48 PM GMT-3 14: window.close win2
5/11/2025, 3:29:51 PM GMT-3 15: before-quit
5/11/2025, 3:29:51 PM GMT-3 16: window.close win2
5/11/2025, 3:29:51 PM GMT-3 17: webContents.destroyed web2
5/12/2025, 4:13:26 PM GMT-3 0: 

----------------------------------------------
5/12/2025, 4:13:27 PM GMT-3 1: Discord starting: {"releaseChannel":"stable","version":"0.0.94"}, modulepath: /home/gui/.config/discord/0.0.94/modules
5/12/2025, 4:13:27 PM GMT-3 2: ✅ webContents.created web1 "Discord Updater"
5/12/2025, 4:13:27 PM GMT-3 3: ✅ window.created win1 "Discord Updater"
5/12/2025, 4:13:33 PM GMT-3 4: ✅ webContents.created web2 ""
5/12/2025, 4:13:33 PM GMT-3 5: ✅ window.created win2 "Discord"
5/12/2025, 4:13:40 PM GMT-3 6: ❌ webContents.did-fail-load web2" -3 
5/12/2025, 4:13:43 PM GMT-3 7: ✅ webContents.did-finish-load web2
5/12/2025, 4:13:43 PM GMT-3 8: window.close win1
5/12/2025, 4:13:43 PM GMT-3 9: webContents.destroyed web1
5/12/2025, 4:13:43 PM GMT-3 10: window.closed win1
5/12/2025, 4:17:18 PM GMT-3 11: window.close win2
5/12/2025, 7:19:36 PM GMT-3 12: before-quit
