[2025-May-11 14:31:49.423 -03:00][ 6044: 6044][info ] Logging initialized
[2025-May-11 14:31:49.424 -03:00][ 6044: 6044][info ] Initializing krisp SDK...
[2025-May-11 14:31:49.424 -03:00][ 6044: 6044][info ] DoKrispInitialize
[2025-May-11 14:31:49.927 -03:00][ 6044: 6044][info ] LoadDynamicKrisp
[2025-May-11 14:31:49.927 -03:00][ 6044: 6044][info ] Did not find KRISP_DYLIB_PATH, skipping dynamic loading
[2025-May-11 14:31:49.927 -03:00][ 6044: 6044][info ] Initializing Krisp SDK in PID 6044, addr 0x7c0549390d10
[2025-May-11 14:31:50.196 -03:00][ 6044: 6044][info ] Initialized Krisp SDK successfully
[2025-May-11 14:31:50.196 -03:00][ 6044: 6044][info ] Krisp SDK initialized
[2025-May-11 14:32:16.538 -03:00][ 6044: 6082][info ] KrispNCSetup: sampleRate = 48000, duration = 10
[2025-May-11 14:32:16.538 -03:00][ 6044: 6082][info ] Setting Krisp model: full_NC
[2025-May-11 14:32:16.574 -03:00][ 6044: 6082][info ] KrispVADSetup: sampleRate = 48000, duration = 10
[2025-May-11 14:43:02.789 -03:00][ 6044: 6082][info ] KrispVADSetup: sampleRate = 48000, duration = 10
[2025-May-11 14:43:04.197 -03:00][ 6044: 6075][info ] KrispVADReset
[2025-May-11 15:29:32.317 -03:00][ 6044: 6075][info ] KrispVADReset
[2025-May-12 16:13:37.524 -03:00][ 1455: 1455][info ] Logging initialized
[2025-May-12 16:13:37.524 -03:00][ 1455: 1455][info ] Initializing krisp SDK...
[2025-May-12 16:13:37.524 -03:00][ 1455: 1455][info ] DoKrispInitialize
[2025-May-12 16:13:38.153 -03:00][ 1455: 1455][info ] LoadDynamicKrisp
[2025-May-12 16:13:38.153 -03:00][ 1455: 1455][info ] Did not find KRISP_DYLIB_PATH, skipping dynamic loading
[2025-May-12 16:13:38.153 -03:00][ 1455: 1455][info ] Initializing Krisp SDK in PID 1455, addr 0x764c47d90d10
[2025-May-12 16:13:38.736 -03:00][ 1455: 1455][info ] Initialized Krisp SDK successfully
[2025-May-12 16:13:38.736 -03:00][ 1455: 1455][info ] Krisp SDK initialized
[2025-May-12 16:13:42.288 -03:00][ 1455: 1455][info ] Logging initialized
[2025-May-12 16:13:42.288 -03:00][ 1455: 1455][info ] Initializing krisp SDK...
[2025-May-12 16:13:42.288 -03:00][ 1455: 1455][info ] Krisp SDK initialized
[2025-May-12 16:13:54.189 -03:00][ 1455: 1614][info ] KrispNCSetup: sampleRate = 48000, duration = 10
[2025-May-12 16:13:54.189 -03:00][ 1455: 1614][info ] Setting Krisp model: full_NC
[2025-May-12 16:13:54.417 -03:00][ 1455: 1614][info ] KrispVADSetup: sampleRate = 48000, duration = 10
[2025-May-12 16:13:58.425 -03:00][ 1455: 1614][info ] KrispVADSetup: sampleRate = 48000, duration = 10
[2025-May-12 16:14:02.740 -03:00][ 1455: 1606][info ] KrispVADReset
[2025-May-12 16:14:02.754 -03:00][ 1455: 1614][info ] KrispVADSetup: sampleRate = 48000, duration = 10
[2025-May-12 16:14:05.471 -03:00][ 1455: 1606][info ] KrispVADReset
[2025-May-12 16:14:05.485 -03:00][ 1455: 1614][info ] KrispVADSetup: sampleRate = 48000, duration = 10
[2025-May-12 16:14:06.113 -03:00][ 1455: 1606][info ] KrispVADReset
[2025-May-12 16:30:00.569 -03:00][ 1455: 1606][info ] KrispNCReset
[2025-May-12 16:30:00.656 -03:00][ 1455: 1614][info ] KrispVADSetup: sampleRate = 48000, duration = 10
[2025-May-12 16:30:01.374 -03:00][ 1455: 1606][info ] KrispVADReset
[2025-May-12 16:30:17.467 -03:00][ 1455: 1614][info ] KrispVADSetup: sampleRate = 48000, duration = 10
[2025-May-12 16:30:22.644 -03:00][ 1455: 1606][info ] KrispVADReset
[2025-May-12 16:30:28.838 -03:00][ 1455: 1614][info ] KrispVADSetup: sampleRate = 48000, duration = 10
[2025-May-12 16:30:32.592 -03:00][ 1455: 1606][info ] KrispVADReset
[2025-May-12 16:30:32.614 -03:00][ 1455: 1614][info ] KrispVADSetup: sampleRate = 48000, duration = 10
[2025-May-12 16:30:47.136 -03:00][ 1455: 1606][info ] KrispVADReset
[2025-May-12 16:50:49.086 -03:00][ 1455: 1606][info ] KrispVADReset
