2025-05-21 11:28:03.490 [info] Started local extension host with pid 19003.
2025-05-21 11:28:06.146 [info] ComputeTargetPlatform: linux-x64
2025-05-21 11:28:08.563 [info] [perf] Render performance baseline is 40ms
2025-05-21 11:28:21.217 [info] Started local extension host with pid 19115.
2025-05-21 11:28:21.262 [info] ComputeTargetPlatform: linux-x64
2025-05-21 11:28:21.533 [info] ChatSessionStore: Migrating 0 chat sessions from storage service to file system
2025-05-21 11:28:24.049 [info] [perf] Render performance baseline is 41ms
2025-05-21 11:29:29.064 [error] SignatureVerificationInternal: Signature verification failed with 'UnknownError' error.
    at yh.xb (file:///usr/lib/code/out/vs/code/electron-utility/sharedProcess/sharedProcessMain.js:74:64415)
    at async yh.wb (file:///usr/lib/code/out/vs/code/electron-utility/sharedProcess/sharedProcessMain.js:74:62886)
2025-05-21 11:29:29.084 [error] Signature verification failed with 'UnknownError' error.: SignatureVerificationInternal: Signature verification failed with 'UnknownError' error.
    at yh.xb (file:///usr/lib/code/out/vs/code/electron-utility/sharedProcess/sharedProcessMain.js:74:64415)
    at async yh.wb (file:///usr/lib/code/out/vs/code/electron-utility/sharedProcess/sharedProcessMain.js:74:62886)
2025-05-21 11:30:26.691 [error] Extension 'ms-python.debugpy CANNOT USE these API proposals 'portsAttributes, debugVisualization, contribViewsWelcome'. You MUST start in extension development mode or use the --enable-proposed-api command line flag
2025-05-21 11:30:26.692 [error] Extension 'ms-python.python CANNOT USE these API proposals 'contribEditorContentMenu, quickPickSortByLabel, testObserver, quickPickItemTooltip, terminalDataWriteEvent, terminalExecuteCommandEvent, codeActionAI, notebookReplDocument, notebookVariableProvider'. You MUST start in extension development mode or use the --enable-proposed-api command line flag
2025-05-21 11:30:26.705 [error] [ms-python.python]: editor/content is a proposed menu identifier. It requires 'package.json#enabledApiProposals: ["contribEditorContentMenu"]' and is only available when running out of dev or with the following command line switch: --enable-proposed-api ms-python.python
2025-05-21 11:30:28.911 [error] An unknown error occurred. Please consult the log for more details.
2025-05-21 11:33:16.888 [error] UnboundLocalError: cannot access local variable 'start_index' where it is not associated with a value: Error: UnboundLocalError: cannot access local variable 'start_index' where it is not associated with a value
	at ae (/home/gui/.vscode-oss/extensions/ms-python.python-2025.4.0-universal/out/client/extension.js:2:1965471)
	at oe (/home/gui/.vscode-oss/extensions/ms-python.python-2025.4.0-universal/out/client/extension.js:2:1963431)
	at Immediate.<anonymous> (/home/gui/.vscode-oss/extensions/ms-python.python-2025.4.0-universal/out/client/extension.js:2:1959725)
	at process.processImmediate (node:internal/timers:483:21)
