2025-05-11 02:13:12.640 [info] [main] Log level: Info
2025-05-11 02:13:12.640 [info] [main] Validating found git in: "git"
2025-05-11 02:13:12.828 [info] [main] Using git "2.49.0" from "git"
2025-05-11 02:13:12.828 [info] [Model][doInitialScan] Initial repository scan started
2025-05-11 02:13:12.830 [info] [Model][doInitialScan] Initial repository scan completed - repositories (0), closed repositories (0), parent repositories (0), unsafe repositories (0)
2025-05-11 02:16:13.488 [info] > git rev-parse --show-toplevel [4ms]
2025-05-11 02:16:13.488 [info] fatal: not a git repository (or any parent up to mount point /)
Stopping at filesystem boundary (GIT_DISCOVERY_ACROSS_FILESYSTEM not set).
2025-05-11 02:17:41.312 [info] > git rev-parse --show-toplevel [3ms]
2025-05-11 02:17:41.312 [info] fatal: not a git repository (or any parent up to mount point /)
Stopping at filesystem boundary (GIT_DISCOVERY_ACROSS_FILESYSTEM not set).
2025-05-11 02:23:03.611 [info] > git rev-parse --show-toplevel [5ms]
2025-05-11 02:23:03.611 [info] fatal: not a git repository (or any parent up to mount point /)
Stopping at filesystem boundary (GIT_DISCOVERY_ACROSS_FILESYSTEM not set).
2025-05-11 02:23:05.321 [info] > git rev-parse --show-toplevel [3ms]
2025-05-11 02:23:05.321 [info] fatal: not a git repository (or any parent up to mount point /)
Stopping at filesystem boundary (GIT_DISCOVERY_ACROSS_FILESYSTEM not set).
2025-05-11 02:24:54.240 [info] > git rev-parse --show-toplevel [3ms]
2025-05-11 02:24:54.240 [info] fatal: not a git repository (or any parent up to mount point /)
Stopping at filesystem boundary (GIT_DISCOVERY_ACROSS_FILESYSTEM not set).
2025-05-11 02:25:02.474 [info] > git rev-parse --show-toplevel [4ms]
2025-05-11 02:25:02.474 [info] fatal: not a git repository (or any parent up to mount point /)
Stopping at filesystem boundary (GIT_DISCOVERY_ACROSS_FILESYSTEM not set).
